

Microchip MPLAB XC8 Assembler V2.20 build 20200408173844 
                                                                                               Sun Dec 20 17:45:02 2020

Microchip MPLAB XC8 C Compiler v2.20 (Free license) build 20200408173844 Og1 
     1                           	processor	18F4550
     2                           	fnconf	rparam,??,?,0
     3                           	pagewidth 120
     4                           	opt	flic
     5                           	psect	cinit,global,reloc=2,class=CODE,delta=1
     6                           	psect	bssCOMRAM,global,class=COMRAM,space=1,delta=1,lowdata,noexec
     7                           	psect	cstackCOMRAM,global,class=COMRAM,space=1,delta=1,lowdata,noexec
     8                           	psect	text0,global,reloc=2,class=CODE,delta=1
     9                           	psect	text1,global,reloc=2,class=CODE,delta=1
    10                           	psect	text2,global,reloc=2,class=CODE,delta=1
    11                           	psect	intsave_regs,global,class=BIGRAM,space=1,delta=1,noexec
    12                           	psect	rparam,global,class=COMRAM,space=1,delta=1,noexec
    13                           	psect	idloc,global,abs,ovrld,class=IDLOC,space=5,delta=1,noexec
    14                           	psect	config,global,abs,ovrld,class=CONFIG,space=4,delta=1,noexec
    15  0000                     
    16                           ; Version 2.20
    17                           ; Generated 12/02/2020 GMT
    18                           ; 
    19                           ; Copyright © 2020, Microchip Technology Inc. and its subsidiaries ("Microchip")
    20                           ; All rights reserved.
    21                           ; 
    22                           ; This software is developed by Microchip Technology Inc. and its subsidiaries ("Microch
      +                          ip").
    23                           ; 
    24                           ; Redistribution and use in source and binary forms, with or without modification, are
    25                           ; permitted provided that the following conditions are met:
    26                           ; 
    27                           ;     1. Redistributions of source code must retain the above copyright notice, this lis
      +                          t of
    28                           ;        conditions and the following disclaimer.
    29                           ; 
    30                           ;     2. Redistributions in binary form must reproduce the above copyright notice, this 
      +                          list
    31                           ;        of conditions and the following disclaimer in the documentation and/or other
    32                           ;        materials provided with the distribution.
    33                           ; 
    34                           ;     3. Microchip's name may not be used to endorse or promote products derived from th
      +                          is
    35                           ;        software without specific prior written permission.
    36                           ; 
    37                           ; THIS SOFTWARE IS PROVIDED BY MICROCHIP "AS IS" AND ANY EXPRESS OR IMPLIED WARRANTIES,
    38                           ; INCLUDING, BUT NOT LIMITED TO, THE IMPLIED WARRANTIES OF MERCHANTABILITY AND FITNESS F
      +                          OR
    39                           ; PURPOSE ARE DISCLAIMED.  IN NO EVENT SHALL MICROCHIP BE LIABLE FOR ANY DIRECT, INDIREC
      +                          T,
    40                           ; INCIDENTAL, SPECIAL, EXEMPLARY, OR CONSEQUENTIAL DAMAGES (INCLUDING BUT NOT LIMITED TO
    41                           ; PROCUREMENT OF SUBSTITUTE GOODS OR SERVICES; LOSS OF USE, DATA OR PROFITS; OR BUSINESS
    42                           ; INTERRUPTION) HOWSOEVER CAUSED AND ON ANY THEORY OF LIABILITY, WHETHER IN CONTRACT, ST
      +                          RICT
    43                           ; LIABILITY, OR TORT (INCLUDING NEGLIGENCE OR OTHERWISE) ARISING IN ANY WAY OUT OF THE U
      +                          SE OF
    44                           ; THIS SOFTWARE, EVEN IF ADVISED OF THE POSSIBILITY OF SUCH DAMAGE.
    45                           ; 
    46                           ; 
    47                           ; Code-generator required, PIC18F4550 Definitions
    48                           ; 
    49                           ; SFR Addresses
    50  0000                     _EECON2	set	4007
    51  0000                     _EECON1bits	set	4006
    52  0000                     _EEDATA	set	4008
    53  0000                     _EEADR	set	4009
    54  0000                     _LATD	set	3980
    55  0000                     _PORTBbits	set	3969
    56  0000                     _TRISD	set	3989
    57  0000                     _TRISBbits	set	3987
    58                           
    59                           ; #config settings
    60                           
    61                           	psect	cinit
    62  007F4E                     __pcinit:
    63                           	callstack 0
    64  007F4E                     start_initialization:
    65                           	callstack 0
    66  007F4E                     __initialization:
    67                           	callstack 0
    68                           
    69                           ; Clear objects allocated to COMRAM (1 bytes)
    70  007F4E  6A05               	clrf	__pbssCOMRAM& (0+255),c
    71  007F50                     end_of_initialization:
    72                           	callstack 0
    73  007F50                     __end_of__initialization:
    74                           	callstack 0
    75  007F50  0100               	movlb	0
    76  007F52  EFC9  F03F         	goto	_main	;jump to C main() function
    77                           
    78                           	psect	bssCOMRAM
    79  000005                     __pbssCOMRAM:
    80                           	callstack 0
    81  000005                     _dato:
    82                           	callstack 0
    83  000005                     	ds	1
    84                           
    85                           	psect	cstackCOMRAM
    86  000001                     __pcstackCOMRAM:
    87                           	callstack 0
    88  000001                     EEPROM_Write@dat:
    89                           	callstack 0
    90  000001                     EEPROM_Read@dir:
    91                           	callstack 0
    92                           
    93                           ; 1 bytes @ 0x0
    94  000001                     	ds	1
    95  000002                     EEPROM_Write@dir:
    96                           	callstack 0
    97                           
    98                           ; 1 bytes @ 0x1
    99  000002                     	ds	1
   100  000003                     ??_main:
   101                           
   102                           ; 1 bytes @ 0x2
   103  000003                     	ds	2
   104                           
   105 ;;
   106 ;;Main: autosize = 0, tempsize = 2, incstack = 0, save=0
   107 ;;
   108 ;; *************** function _main *****************
   109 ;; Defined at:
   110 ;;		line 16 in file "Programa_principal.c"
   111 ;; Parameters:    Size  Location     Type
   112 ;;		None
   113 ;; Auto vars:     Size  Location     Type
   114 ;;		None
   115 ;; Return value:  Size  Location     Type
   116 ;;                  1    wreg      void 
   117 ;; Registers used:
   118 ;;		wreg, status,2, cstack
   119 ;; Tracked objects:
   120 ;;		On entry : 0/0
   121 ;;		On exit  : 0/0
   122 ;;		Unchanged: 0/0
   123 ;; Data sizes:     COMRAM   BANK0   BANK1   BANK2   BANK3   BANK4   BANK5   BANK6   BANK7
   124 ;;      Params:         0       0       0       0       0       0       0       0       0
   125 ;;      Locals:         0       0       0       0       0       0       0       0       0
   126 ;;      Temps:          2       0       0       0       0       0       0       0       0
   127 ;;      Totals:         2       0       0       0       0       0       0       0       0
   128 ;;Total ram usage:        2 bytes
   129 ;; Hardware stack levels required when called:    1
   130 ;; This function calls:
   131 ;;		_EEPROM_Read
   132 ;;		_EEPROM_Write
   133 ;; This function is called by:
   134 ;;		Startup code after reset
   135 ;; This function uses a non-reentrant model
   136 ;;
   137                           
   138                           	psect	text0
   139  007F92                     __ptext0:
   140                           	callstack 0
   141  007F92                     _main:
   142                           	callstack 30
   143  007F92                     
   144                           ;Programa_principal.c: 17:     TRISBbits.RB0 = 1;
   145  007F92  8093               	bsf	147,0,c	;volatile
   146                           
   147                           ;Programa_principal.c: 18:     TRISBbits.RB1 = 1;
   148  007F94  8293               	bsf	147,1,c	;volatile
   149  007F96                     
   150                           ;Programa_principal.c: 19:     TRISD = 0x00;
   151  007F96  0E00               	movlw	0
   152  007F98  6E95               	movwf	149,c	;volatile
   153  007F9A                     l785:
   154                           
   155                           ;Programa_principal.c: 21:         if(PORTBbits.RB0 == 0){
   156  007F9A  B081               	btfsc	129,0,c	;volatile
   157  007F9C  EFD2  F03F         	goto	u51
   158  007FA0  EFD4  F03F         	goto	u50
   159  007FA4                     u51:
   160  007FA4  EFE4  F03F         	goto	l791
   161  007FA8                     u50:
   162  007FA8                     
   163                           ;Programa_principal.c: 22:             EEPROM_Write(100,'H');
   164  007FA8  0E48               	movlw	72
   165  007FAA  6E01               	movwf	EEPROM_Write@dat^0,c
   166  007FAC  0E64               	movlw	100
   167  007FAE  ECB3  F03F         	call	_EEPROM_Write
   168  007FB2                     
   169                           ;Programa_principal.c: 23:             _delay((unsigned long)((100)*(20000000UL/4000.0))
      +                          );
   170  007FB2  0E03               	movlw	3
   171  007FB4  6E04               	movwf	(??_main+1)^0,c
   172  007FB6  0E8A               	movlw	138
   173  007FB8  6E03               	movwf	??_main^0,c
   174  007FBA  0E56               	movlw	86
   175  007FBC                     u77:
   176  007FBC  2EE8               	decfsz	wreg,f,c
   177  007FBE  D7FE               	bra	u77
   178  007FC0  2E03               	decfsz	??_main^0,f,c
   179  007FC2  D7FC               	bra	u77
   180  007FC4  2E04               	decfsz	(??_main+1)^0,f,c
   181  007FC6  D7FA               	bra	u77
   182  007FC8                     l791:
   183                           
   184                           ;Programa_principal.c: 25:         if(PORTBbits.RB1 == 0){
   185  007FC8  B281               	btfsc	129,1,c	;volatile
   186  007FCA  EFE9  F03F         	goto	u61
   187  007FCE  EFEB  F03F         	goto	u60
   188  007FD2                     u61:
   189  007FD2  EFFA  F03F         	goto	l797
   190  007FD6                     u60:
   191  007FD6                     
   192                           ;Programa_principal.c: 26:             dato = EEPROM_Read(100);
   193  007FD6  0E64               	movlw	100
   194  007FD8  ECAB  F03F         	call	_EEPROM_Read
   195  007FDC  6E05               	movwf	_dato^0,c
   196  007FDE                     
   197                           ;Programa_principal.c: 27:             _delay((unsigned long)((100)*(20000000UL/4000.0))
      +                          );
   198  007FDE  0E03               	movlw	3
   199  007FE0  6E04               	movwf	(??_main+1)^0,c
   200  007FE2  0E8A               	movlw	138
   201  007FE4  6E03               	movwf	??_main^0,c
   202  007FE6  0E56               	movlw	86
   203  007FE8                     u87:
   204  007FE8  2EE8               	decfsz	wreg,f,c
   205  007FEA  D7FE               	bra	u87
   206  007FEC  2E03               	decfsz	??_main^0,f,c
   207  007FEE  D7FC               	bra	u87
   208  007FF0  2E04               	decfsz	(??_main+1)^0,f,c
   209  007FF2  D7FA               	bra	u87
   210  007FF4                     l797:
   211                           
   212                           ;Programa_principal.c: 29:         LATD = dato;
   213  007FF4  C005  FF8C         	movff	_dato,3980	;volatile
   214  007FF8  EFCD  F03F         	goto	l785
   215  007FFC  EF00  F000         	goto	start
   216  008000                     __end_of_main:
   217                           	callstack 0
   218                           
   219 ;; *************** function _EEPROM_Write *****************
   220 ;; Defined at:
   221 ;;		line 6 in file "EEPROM_Libreria.c"
   222 ;; Parameters:    Size  Location     Type
   223 ;;  dir             1    wreg     unsigned char 
   224 ;;  dat             1    0[COMRAM] unsigned char 
   225 ;; Auto vars:     Size  Location     Type
   226 ;;  dir             1    1[COMRAM] unsigned char 
   227 ;; Return value:  Size  Location     Type
   228 ;;                  1    wreg      void 
   229 ;; Registers used:
   230 ;;		wreg, status,2
   231 ;; Tracked objects:
   232 ;;		On entry : 0/0
   233 ;;		On exit  : 0/0
   234 ;;		Unchanged: 0/0
   235 ;; Data sizes:     COMRAM   BANK0   BANK1   BANK2   BANK3   BANK4   BANK5   BANK6   BANK7
   236 ;;      Params:         1       0       0       0       0       0       0       0       0
   237 ;;      Locals:         1       0       0       0       0       0       0       0       0
   238 ;;      Temps:          0       0       0       0       0       0       0       0       0
   239 ;;      Totals:         2       0       0       0       0       0       0       0       0
   240 ;;Total ram usage:        2 bytes
   241 ;; Hardware stack levels used:    1
   242 ;; This function calls:
   243 ;;		Nothing
   244 ;; This function is called by:
   245 ;;		_main
   246 ;; This function uses a non-reentrant model
   247 ;;
   248                           
   249                           	psect	text1
   250  007F66                     __ptext1:
   251                           	callstack 0
   252  007F66                     _EEPROM_Write:
   253                           	callstack 30
   254                           
   255                           ;incstack = 0
   256                           ;EEPROM_Write@dir stored from wreg
   257  007F66  6E02               	movwf	EEPROM_Write@dir^0,c
   258  007F68                     
   259                           ;EEPROM_Libreria.c: 7:     EEADR = dir;
   260  007F68  C002  FFA9         	movff	EEPROM_Write@dir,4009	;volatile
   261  007F6C                     
   262                           ;EEPROM_Libreria.c: 8:     EEDATA = dat;
   263  007F6C  C001  FFA8         	movff	EEPROM_Write@dat,4008	;volatile
   264  007F70                     
   265                           ;EEPROM_Libreria.c: 9:     EECON1bits.EEPGD = 0;
   266  007F70  9EA6               	bcf	166,7,c	;volsfr
   267  007F72                     
   268                           ;EEPROM_Libreria.c: 10:     EECON1bits.CFGS = 0;
   269  007F72  9CA6               	bcf	166,6,c	;volsfr
   270  007F74                     
   271                           ;EEPROM_Libreria.c: 11:     EECON1bits.WREN = 1;
   272  007F74  84A6               	bsf	166,2,c	;volsfr
   273  007F76                     
   274                           ;EEPROM_Libreria.c: 13:     EECON2 = 0x55;
   275  007F76  0E55               	movlw	85
   276  007F78  6EA7               	movwf	167,c	;volsfr
   277  007F7A                     
   278                           ;EEPROM_Libreria.c: 14:     EECON2 = 0xAA;
   279  007F7A  0EAA               	movlw	170
   280  007F7C  6EA7               	movwf	167,c	;volsfr
   281  007F7E                     
   282                           ;EEPROM_Libreria.c: 15:     EECON1bits.WR = 1;
   283  007F7E  82A6               	bsf	166,1,c	;volsfr
   284  007F80                     l37:
   285  007F80  B2A6               	btfsc	166,1,c	;volsfr
   286  007F82  EFC5  F03F         	goto	u41
   287  007F86  EFC7  F03F         	goto	u40
   288  007F8A                     u41:
   289  007F8A  EFC0  F03F         	goto	l37
   290  007F8E                     u40:
   291  007F8E                     
   292                           ;EEPROM_Libreria.c: 17:     EECON1bits.WREN = 0;
   293  007F8E  94A6               	bcf	166,2,c	;volsfr
   294  007F90  0012               	return		;funcret
   295  007F92                     __end_of_EEPROM_Write:
   296                           	callstack 0
   297                           
   298 ;; *************** function _EEPROM_Read *****************
   299 ;; Defined at:
   300 ;;		line 20 in file "EEPROM_Libreria.c"
   301 ;; Parameters:    Size  Location     Type
   302 ;;  dir             1    wreg     unsigned char 
   303 ;; Auto vars:     Size  Location     Type
   304 ;;  dir             1    0[COMRAM] unsigned char 
   305 ;; Return value:  Size  Location     Type
   306 ;;                  1    wreg      unsigned char 
   307 ;; Registers used:
   308 ;;		wreg, status,2
   309 ;; Tracked objects:
   310 ;;		On entry : 0/0
   311 ;;		On exit  : 0/0
   312 ;;		Unchanged: 0/0
   313 ;; Data sizes:     COMRAM   BANK0   BANK1   BANK2   BANK3   BANK4   BANK5   BANK6   BANK7
   314 ;;      Params:         0       0       0       0       0       0       0       0       0
   315 ;;      Locals:         1       0       0       0       0       0       0       0       0
   316 ;;      Temps:          0       0       0       0       0       0       0       0       0
   317 ;;      Totals:         1       0       0       0       0       0       0       0       0
   318 ;;Total ram usage:        1 bytes
   319 ;; Hardware stack levels used:    1
   320 ;; This function calls:
   321 ;;		Nothing
   322 ;; This function is called by:
   323 ;;		_main
   324 ;; This function uses a non-reentrant model
   325 ;;
   326                           
   327                           	psect	text2
   328  007F56                     __ptext2:
   329                           	callstack 0
   330  007F56                     _EEPROM_Read:
   331                           	callstack 30
   332                           
   333                           ;incstack = 0
   334                           ;EEPROM_Read@dir stored from wreg
   335  007F56  6E01               	movwf	EEPROM_Read@dir^0,c
   336  007F58                     
   337                           ;EEPROM_Libreria.c: 21:     EEADR = dir;
   338  007F58  C001  FFA9         	movff	EEPROM_Read@dir,4009	;volatile
   339  007F5C                     
   340                           ;EEPROM_Libreria.c: 22:     EECON1bits.EEPGD = 0;
   341  007F5C  9EA6               	bcf	166,7,c	;volsfr
   342  007F5E                     
   343                           ;EEPROM_Libreria.c: 23:     EECON1bits.CFGS = 0;
   344  007F5E  9CA6               	bcf	166,6,c	;volsfr
   345  007F60                     
   346                           ;EEPROM_Libreria.c: 24:     EECON1bits.RD = 1;
   347  007F60  80A6               	bsf	166,0,c	;volsfr
   348  007F62                     
   349                           ;EEPROM_Libreria.c: 25:     return EEDATA;
   350  007F62  50A8               	movf	168,w,c	;volatile
   351  007F64  0012               	return		;funcret
   352  007F66                     __end_of_EEPROM_Read:
   353                           	callstack 0
   354  0000                     
   355                           	psect	rparam
   356  0000                     
   357                           	psect	idloc
   358                           
   359                           ;Config register IDLOC0 @ 0x200000
   360                           ;	unspecified, using default values
   361  200000                     	org	2097152
   362  200000  FF                 	db	255
   363                           
   364                           ;Config register IDLOC1 @ 0x200001
   365                           ;	unspecified, using default values
   366  200001                     	org	2097153
   367  200001  FF                 	db	255
   368                           
   369                           ;Config register IDLOC2 @ 0x200002
   370                           ;	unspecified, using default values
   371  200002                     	org	2097154
   372  200002  FF                 	db	255
   373                           
   374                           ;Config register IDLOC3 @ 0x200003
   375                           ;	unspecified, using default values
   376  200003                     	org	2097155
   377  200003  FF                 	db	255
   378                           
   379                           ;Config register IDLOC4 @ 0x200004
   380                           ;	unspecified, using default values
   381  200004                     	org	2097156
   382  200004  FF                 	db	255
   383                           
   384                           ;Config register IDLOC5 @ 0x200005
   385                           ;	unspecified, using default values
   386  200005                     	org	2097157
   387  200005  FF                 	db	255
   388                           
   389                           ;Config register IDLOC6 @ 0x200006
   390                           ;	unspecified, using default values
   391  200006                     	org	2097158
   392  200006  FF                 	db	255
   393                           
   394                           ;Config register IDLOC7 @ 0x200007
   395                           ;	unspecified, using default values
   396  200007                     	org	2097159
   397  200007  FF                 	db	255
   398                           
   399                           	psect	config
   400                           
   401                           ;Config register CONFIG1L @ 0x300000
   402                           ;	PLL Prescaler Selection bits
   403                           ;	PLLDIV = 1, No prescale (4 MHz oscillator input drives PLL directly)
   404                           ;	System Clock Postscaler Selection bits
   405                           ;	CPUDIV = OSC1_PLL2, [Primary Oscillator Src: /1][96 MHz PLL Src: /2]
   406                           ;	USB Clock Selection bit (used in Full-Speed USB mode only; UCFG:FSEN = 1)
   407                           ;	USBDIV = 1, USB clock source comes directly from the primary oscillator block with no 
      +                          postscale
   408  300000                     	org	3145728
   409  300000  00                 	db	0
   410                           
   411                           ;Config register CONFIG1H @ 0x300001
   412                           ;	Oscillator Selection bits
   413                           ;	FOSC = HS, HS oscillator (HS)
   414                           ;	Fail-Safe Clock Monitor Enable bit
   415                           ;	FCMEN = OFF, Fail-Safe Clock Monitor disabled
   416                           ;	Internal/External Oscillator Switchover bit
   417                           ;	IESO = OFF, Oscillator Switchover mode disabled
   418  300001                     	org	3145729
   419  300001  0C                 	db	12
   420                           
   421                           ;Config register CONFIG2L @ 0x300002
   422                           ;	Power-up Timer Enable bit
   423                           ;	PWRT = ON, PWRT enabled
   424                           ;	Brown-out Reset Enable bits
   425                           ;	BOR = OFF, Brown-out Reset disabled in hardware and software
   426                           ;	Brown-out Reset Voltage bits
   427                           ;	BORV = 3, Minimum setting 2.05V
   428                           ;	USB Voltage Regulator Enable bit
   429                           ;	VREGEN = OFF, USB voltage regulator disabled
   430  300002                     	org	3145730
   431  300002  18                 	db	24
   432                           
   433                           ;Config register CONFIG2H @ 0x300003
   434                           ;	Watchdog Timer Enable bit
   435                           ;	WDT = OFF, WDT disabled (control is placed on the SWDTEN bit)
   436                           ;	Watchdog Timer Postscale Select bits
   437                           ;	WDTPS = 32768, 1:32768
   438  300003                     	org	3145731
   439  300003  1E                 	db	30
   440                           
   441                           ; Padding undefined space
   442  300004                     	org	3145732
   443  300004  FF                 	db	255
   444                           
   445                           ;Config register CONFIG3H @ 0x300005
   446                           ;	CCP2 MUX bit
   447                           ;	CCP2MX = ON, CCP2 input/output is multiplexed with RC1
   448                           ;	PORTB A/D Enable bit
   449                           ;	PBADEN = OFF, PORTB<4:0> pins are configured as digital I/O on Reset
   450                           ;	Low-Power Timer 1 Oscillator Enable bit
   451                           ;	LPT1OSC = OFF, Timer1 configured for higher power operation
   452                           ;	MCLR Pin Enable bit
   453                           ;	MCLRE = ON, MCLR pin enabled; RE3 input pin disabled
   454  300005                     	org	3145733
   455  300005  81                 	db	129
   456                           
   457                           ;Config register CONFIG4L @ 0x300006
   458                           ;	Stack Full/Underflow Reset Enable bit
   459                           ;	STVREN = OFF, Stack full/underflow will not cause Reset
   460                           ;	Single-Supply ICSP Enable bit
   461                           ;	LVP = OFF, Single-Supply ICSP disabled
   462                           ;	Dedicated In-Circuit Debug/Programming Port (ICPORT) Enable bit
   463                           ;	ICPRT = OFF, ICPORT disabled
   464                           ;	Extended Instruction Set Enable bit
   465                           ;	XINST = OFF, Instruction set extension and Indexed Addressing mode disabled (Legacy mo
      +                          de)
   466                           ;	Background Debugger Enable bit
   467                           ;	DEBUG = 0x1, unprogrammed default
   468  300006                     	org	3145734
   469  300006  80                 	db	128
   470                           
   471                           ; Padding undefined space
   472  300007                     	org	3145735
   473  300007  FF                 	db	255
   474                           
   475                           ;Config register CONFIG5L @ 0x300008
   476                           ;	Code Protection bit
   477                           ;	CP0 = OFF, Block 0 (000800-001FFFh) is not code-protected
   478                           ;	Code Protection bit
   479                           ;	CP1 = OFF, Block 1 (002000-003FFFh) is not code-protected
   480                           ;	Code Protection bit
   481                           ;	CP2 = OFF, Block 2 (004000-005FFFh) is not code-protected
   482                           ;	Code Protection bit
   483                           ;	CP3 = OFF, Block 3 (006000-007FFFh) is not code-protected
   484  300008                     	org	3145736
   485  300008  0F                 	db	15
   486                           
   487                           ;Config register CONFIG5H @ 0x300009
   488                           ;	Boot Block Code Protection bit
   489                           ;	CPB = OFF, Boot block (000000-0007FFh) is not code-protected
   490                           ;	Data EEPROM Code Protection bit
   491                           ;	CPD = OFF, Data EEPROM is not code-protected
   492  300009                     	org	3145737
   493  300009  C0                 	db	192
   494                           
   495                           ;Config register CONFIG6L @ 0x30000A
   496                           ;	Write Protection bit
   497                           ;	WRT0 = OFF, Block 0 (000800-001FFFh) is not write-protected
   498                           ;	Write Protection bit
   499                           ;	WRT1 = OFF, Block 1 (002000-003FFFh) is not write-protected
   500                           ;	Write Protection bit
   501                           ;	WRT2 = OFF, Block 2 (004000-005FFFh) is not write-protected
   502                           ;	Write Protection bit
   503                           ;	WRT3 = OFF, Block 3 (006000-007FFFh) is not write-protected
   504  30000A                     	org	3145738
   505  30000A  0F                 	db	15
   506                           
   507                           ;Config register CONFIG6H @ 0x30000B
   508                           ;	Configuration Register Write Protection bit
   509                           ;	WRTC = OFF, Configuration registers (300000-3000FFh) are not write-protected
   510                           ;	Boot Block Write Protection bit
   511                           ;	WRTB = OFF, Boot block (000000-0007FFh) is not write-protected
   512                           ;	Data EEPROM Write Protection bit
   513                           ;	WRTD = OFF, Data EEPROM is not write-protected
   514  30000B                     	org	3145739
   515  30000B  E0                 	db	224
   516                           
   517                           ;Config register CONFIG7L @ 0x30000C
   518                           ;	Table Read Protection bit
   519                           ;	EBTR0 = OFF, Block 0 (000800-001FFFh) is not protected from table reads executed in ot
      +                          her blocks
   520                           ;	Table Read Protection bit
   521                           ;	EBTR1 = OFF, Block 1 (002000-003FFFh) is not protected from table reads executed in ot
      +                          her blocks
   522                           ;	Table Read Protection bit
   523                           ;	EBTR2 = OFF, Block 2 (004000-005FFFh) is not protected from table reads executed in ot
      +                          her blocks
   524                           ;	Table Read Protection bit
   525                           ;	EBTR3 = OFF, Block 3 (006000-007FFFh) is not protected from table reads executed in ot
      +                          her blocks
   526  30000C                     	org	3145740
   527  30000C  0F                 	db	15
   528                           
   529                           ;Config register CONFIG7H @ 0x30000D
   530                           ;	Boot Block Table Read Protection bit
   531                           ;	EBTRB = OFF, Boot block (000000-0007FFh) is not protected from table reads executed in
      +                           other blocks
   532  30000D                     	org	3145741
   533  30000D  40                 	db	64
   534                           tosu	equ	0xFFF
   535                           tosh	equ	0xFFE
   536                           tosl	equ	0xFFD
   537                           stkptr	equ	0xFFC
   538                           pclatu	equ	0xFFB
   539                           pclath	equ	0xFFA
   540                           pcl	equ	0xFF9
   541                           tblptru	equ	0xFF8
   542                           tblptrh	equ	0xFF7
   543                           tblptrl	equ	0xFF6
   544                           tablat	equ	0xFF5
   545                           prodh	equ	0xFF4
   546                           prodl	equ	0xFF3
   547                           indf0	equ	0xFEF
   548                           postinc0	equ	0xFEE
   549                           postdec0	equ	0xFED
   550                           preinc0	equ	0xFEC
   551                           plusw0	equ	0xFEB
   552                           fsr0h	equ	0xFEA
   553                           fsr0l	equ	0xFE9
   554                           wreg	equ	0xFE8
   555                           indf1	equ	0xFE7
   556                           postinc1	equ	0xFE6
   557                           postdec1	equ	0xFE5
   558                           preinc1	equ	0xFE4
   559                           plusw1	equ	0xFE3
   560                           fsr1h	equ	0xFE2
   561                           fsr1l	equ	0xFE1
   562                           bsr	equ	0xFE0
   563                           indf2	equ	0xFDF
   564                           postinc2	equ	0xFDE
   565                           postdec2	equ	0xFDD
   566                           preinc2	equ	0xFDC
   567                           plusw2	equ	0xFDB
   568                           fsr2h	equ	0xFDA
   569                           fsr2l	equ	0xFD9
   570                           status	equ	0xFD8

Data Sizes:
    Strings     0
    Constant    0
    Data        0
    BSS         1
    Persistent  0
    Stack       0

Auto Spaces:
    Space          Size  Autos    Used
    COMRAM           95      4       5
    BANK0           160      0       0
    BANK1           256      0       0
    BANK2           256      0       0
    BANK3           256      0       0
    BANK4           256      0       0
    BANK5           256      0       0
    BANK6           256      0       0
    BANK7           256      0       0

Pointer List with Targets:

    None.

Critical Paths under _main in COMRAM

    _main->_EEPROM_Write

Critical Paths under _main in BANK0

    None.

Critical Paths under _main in BANK1

    None.

Critical Paths under _main in BANK2

    None.

Critical Paths under _main in BANK3

    None.

Critical Paths under _main in BANK4

    None.

Critical Paths under _main in BANK5

    None.

Critical Paths under _main in BANK6

    None.

Critical Paths under _main in BANK7

    None.

Call Graph Tables:

 ---------------------------------------------------------------------------------
 (Depth) Function   	        Calls       Base Space   Used Autos Params    Refs
 ---------------------------------------------------------------------------------
 (0) _main                                                 2     2      0     135
                                              2 COMRAM     2     2      0
                        _EEPROM_Read
                       _EEPROM_Write
 ---------------------------------------------------------------------------------
 (1) _EEPROM_Write                                         2     1      1     120
                                              0 COMRAM     2     1      1
 ---------------------------------------------------------------------------------
 (1) _EEPROM_Read                                          1     1      0      15
                                              0 COMRAM     1     1      0
 ---------------------------------------------------------------------------------
 Estimated maximum stack depth 1
 ---------------------------------------------------------------------------------

 Call Graph Graphs:

 _main (ROOT)
   _EEPROM_Read
   _EEPROM_Write

 Address spaces:
Name               Size   Autos  Total    Cost      Usage
BIGRAM             7FF      0       0      21        0.0%
EEDATA             100      0       0       0        0.0%
BITBANK7           100      0       0      18        0.0%
BANK7              100      0       0      19        0.0%
BITBANK6           100      0       0      16        0.0%
BANK6              100      0       0      17        0.0%
BITBANK5           100      0       0      14        0.0%
BANK5              100      0       0      15        0.0%
BITBANK4           100      0       0      12        0.0%
BANK4              100      0       0      13        0.0%
BITBANK3           100      0       0      10        0.0%
BANK3              100      0       0      11        0.0%
BITBANK2           100      0       0       8        0.0%
BANK2              100      0       0       9        0.0%
BITBANK1           100      0       0       6        0.0%
BANK1              100      0       0       7        0.0%
BITBANK0            A0      0       0       4        0.0%
BANK0               A0      0       0       5        0.0%
BITCOMRAM           5F      0       0       0        0.0%
COMRAM              5F      4       5       1        5.3%
BITSFR               0      0       0     200        0.0%
SFR                  0      0       0     200        0.0%
STACK                0      0       0       2        0.0%
NULL                 0      0       0       0        0.0%
ABS                  0      0       5      20        0.0%
DATA                 0      0       5       3        0.0%
CODE                 0      0       0       0        0.0%


Microchip Technology PIC18 Macro Assembler V2.20 build 20200408173844 
Symbol Table                                                                                   Sun Dec 20 17:45:02 2020

                     l40 7F90                       l43 7F64                       l37 7F80  
                     l39 7F8E                       u40 7F8E                       u41 7F8A  
                     u50 7FA8                       u51 7FA4                       u60 7FD6  
                     u61 7FD2                       u77 7FBC                       u87 7FE8  
                    l741 7F60                      l743 7F62                      l735 7F58  
                    l737 7F5C                      l739 7F5E                      l771 7F72  
                    l773 7F74                      l765 7F68                      l781 7F92  
                    l775 7F76                      l767 7F6C                      l791 7FC8  
                    l783 7F96                      l777 7F7A                      l769 7F70  
                    l793 7FD6                      l785 7F9A                      l779 7F7E  
                    l795 7FDE                      l787 7FA8                      l797 7FF4  
                    l789 7FB2                      wreg 000FE8                     _LATD 000F8C  
                   _dato 0005                     _main 7F92                     start 0000  
        EEPROM_Write@dat 0001          EEPROM_Write@dir 0002             ___param_bank 000000  
   __end_of_EEPROM_Write 7F92                    ?_main 0001                    _EEADR 000FA9  
                  _TRISD 000F95     __size_of_EEPROM_Read 0010          __initialization 7F4E  
           __end_of_main 8000                   ??_main 0003            __activetblptr 000000  
                 _EEDATA 000FA8                   _EECON2 000FA7               __accesstop 0060  
__end_of__initialization 7F50            ___rparam_used 000001    __size_of_EEPROM_Write 002C  
         __pcstackCOMRAM 0001             _EEPROM_Write 7F66                  __Hparam 0000  
                __Lparam 0000                  __pcinit 7F4E                  __ramtop 0800  
                __ptext0 7F92                  __ptext1 7F66                  __ptext2 7F56  
   end_of_initialization 7F50            ??_EEPROM_Read 0001                _PORTBbits 000F81  
              _TRISBbits 000F93      __end_of_EEPROM_Read 7F66      start_initialization 7F4E  
            __pbssCOMRAM 0005              _EEPROM_Read 7F56               _EECON1bits 000FA6  
               __Hrparam 0000                 __Lrparam 0000            ?_EEPROM_Write 0001  
          __size_of_main 006E           ??_EEPROM_Write 0002             ?_EEPROM_Read 0001  
         EEPROM_Read@dir 0001  
