

Microchip MPLAB XC8 Assembler V2.20 build 20200408173844 
                                                                                               Sun Dec 20 17:46:33 2020

Microchip MPLAB XC8 C Compiler v2.20 (Free license) build 20200408173844 Og1 
     1                           	processor	18F4550
     2                           	fnconf	rparam,??,?,0
     3                           	pagewidth 120
     4                           	opt	flic
     5                           	psect	cinit,global,reloc=2,class=CODE,delta=1
     6                           	psect	bssCOMRAM,global,class=COMRAM,space=1,delta=1,lowdata,noexec
     7                           	psect	cstackCOMRAM,global,class=COMRAM,space=1,delta=1,lowdata,noexec
     8                           	psect	text0,global,reloc=2,class=CODE,delta=1
     9                           	psect	text1,global,reloc=2,class=CODE,delta=1
    10                           	psect	text2,global,reloc=2,class=CODE,delta=1
    11                           	psect	intsave_regs,global,class=BIGRAM,space=1,delta=1,noexec
    12                           	psect	rparam,global,class=COMRAM,space=1,delta=1,noexec
    13                           	psect	idloc,global,abs,ovrld,class=IDLOC,space=5,delta=1,noexec
    14                           	psect	config,global,abs,ovrld,class=CONFIG,space=4,delta=1,noexec
    15  0000                     
    16                           ; Version 2.20
    17                           ; Generated 12/02/2020 GMT
    18                           ; 
    19                           ; Copyright © 2020, Microchip Technology Inc. and its subsidiaries ("Microchip")
    20                           ; All rights reserved.
    21                           ; 
    22                           ; This software is developed by Microchip Technology Inc. and its subsidiaries ("Microch
      +                          ip").
    23                           ; 
    24                           ; Redistribution and use in source and binary forms, with or without modification, are
    25                           ; permitted provided that the following conditions are met:
    26                           ; 
    27                           ;     1. Redistributions of source code must retain the above copyright notice, this lis
      +                          t of
    28                           ;        conditions and the following disclaimer.
    29                           ; 
    30                           ;     2. Redistributions in binary form must reproduce the above copyright notice, this 
      +                          list
    31                           ;        of conditions and the following disclaimer in the documentation and/or other
    32                           ;        materials provided with the distribution.
    33                           ; 
    34                           ;     3. Microchip's name may not be used to endorse or promote products derived from th
      +                          is
    35                           ;        software without specific prior written permission.
    36                           ; 
    37                           ; THIS SOFTWARE IS PROVIDED BY MICROCHIP "AS IS" AND ANY EXPRESS OR IMPLIED WARRANTIES,
    38                           ; INCLUDING, BUT NOT LIMITED TO, THE IMPLIED WARRANTIES OF MERCHANTABILITY AND FITNESS F
      +                          OR
    39                           ; PURPOSE ARE DISCLAIMED.  IN NO EVENT SHALL MICROCHIP BE LIABLE FOR ANY DIRECT, INDIREC
      +                          T,
    40                           ; INCIDENTAL, SPECIAL, EXEMPLARY, OR CONSEQUENTIAL DAMAGES (INCLUDING BUT NOT LIMITED TO
    41                           ; PROCUREMENT OF SUBSTITUTE GOODS OR SERVICES; LOSS OF USE, DATA OR PROFITS; OR BUSINESS
    42                           ; INTERRUPTION) HOWSOEVER CAUSED AND ON ANY THEORY OF LIABILITY, WHETHER IN CONTRACT, ST
      +                          RICT
    43                           ; LIABILITY, OR TORT (INCLUDING NEGLIGENCE OR OTHERWISE) ARISING IN ANY WAY OUT OF THE U
      +                          SE OF
    44                           ; THIS SOFTWARE, EVEN IF ADVISED OF THE POSSIBILITY OF SUCH DAMAGE.
    45                           ; 
    46                           ; 
    47                           ; Code-generator required, PIC18F4550 Definitions
    48                           ; 
    49                           ; SFR Addresses
    50  0000                     _EECON2	set	4007
    51  0000                     _EECON1bits	set	4006
    52  0000                     _EEDATA	set	4008
    53  0000                     _EEADR	set	4009
    54  0000                     _LATD	set	3980
    55  0000                     _PORTBbits	set	3969
    56  0000                     _TRISD	set	3989
    57  0000                     _TRISBbits	set	3987
    58                           
    59                           ; #config settings
    60                           
    61                           	psect	cinit
    62  007F7A                     __pcinit:
    63                           	callstack 0
    64  007F7A                     start_initialization:
    65                           	callstack 0
    66  007F7A                     __initialization:
    67                           	callstack 0
    68                           
    69                           ; Clear objects allocated to COMRAM (1 bytes)
    70  007F7A  6A03               	clrf	__pbssCOMRAM& (0+255),c
    71  007F7C                     end_of_initialization:
    72                           	callstack 0
    73  007F7C                     __end_of__initialization:
    74                           	callstack 0
    75  007F7C  0100               	movlb	0
    76  007F7E  EFDF  F03F         	goto	_main	;jump to C main() function
    77                           
    78                           	psect	bssCOMRAM
    79  000003                     __pbssCOMRAM:
    80                           	callstack 0
    81  000003                     _dato:
    82                           	callstack 0
    83  000003                     	ds	1
    84                           
    85                           	psect	cstackCOMRAM
    86  000001                     __pcstackCOMRAM:
    87                           	callstack 0
    88  000001                     EEPROM_Write@dat:
    89                           	callstack 0
    90  000001                     EEPROM_Read@dir:
    91                           	callstack 0
    92                           
    93                           ; 1 bytes @ 0x0
    94  000001                     	ds	1
    95  000002                     EEPROM_Write@dir:
    96                           	callstack 0
    97                           
    98                           ; 1 bytes @ 0x1
    99  000002                     	ds	1
   100  000003                     
   101                           ; 1 bytes @ 0x2
   102 ;;
   103 ;;Main: autosize = 0, tempsize = 0, incstack = 0, save=0
   104 ;;
   105 ;; *************** function _main *****************
   106 ;; Defined at:
   107 ;;		line 16 in file "Programa_principal.c"
   108 ;; Parameters:    Size  Location     Type
   109 ;;		None
   110 ;; Auto vars:     Size  Location     Type
   111 ;;		None
   112 ;; Return value:  Size  Location     Type
   113 ;;                  1    wreg      void 
   114 ;; Registers used:
   115 ;;		wreg, status,2, cstack
   116 ;; Tracked objects:
   117 ;;		On entry : 0/0
   118 ;;		On exit  : 0/0
   119 ;;		Unchanged: 0/0
   120 ;; Data sizes:     COMRAM   BANK0   BANK1   BANK2   BANK3   BANK4   BANK5   BANK6   BANK7
   121 ;;      Params:         0       0       0       0       0       0       0       0       0
   122 ;;      Locals:         0       0       0       0       0       0       0       0       0
   123 ;;      Temps:          0       0       0       0       0       0       0       0       0
   124 ;;      Totals:         0       0       0       0       0       0       0       0       0
   125 ;;Total ram usage:        0 bytes
   126 ;; Hardware stack levels required when called:    1
   127 ;; This function calls:
   128 ;;		_EEPROM_Read
   129 ;;		_EEPROM_Write
   130 ;; This function is called by:
   131 ;;		Startup code after reset
   132 ;; This function uses a non-reentrant model
   133 ;;
   134                           
   135                           	psect	text0
   136  007FBE                     __ptext0:
   137                           	callstack 0
   138  007FBE                     _main:
   139                           	callstack 30
   140  007FBE                     
   141                           ;Programa_principal.c: 17:     TRISBbits.RB0 = 1;
   142  007FBE  8093               	bsf	147,0,c	;volatile
   143                           
   144                           ;Programa_principal.c: 18:     TRISBbits.RB1 = 1;
   145  007FC0  8293               	bsf	147,1,c	;volatile
   146  007FC2                     
   147                           ;Programa_principal.c: 19:     TRISD = 0x00;
   148  007FC2  0E00               	movlw	0
   149  007FC4  6E95               	movwf	149,c	;volatile
   150  007FC6                     l779:
   151                           
   152                           ;Programa_principal.c: 21:         if(PORTBbits.RB0 == 0){
   153  007FC6  B081               	btfsc	129,0,c	;volatile
   154  007FC8  EFE8  F03F         	goto	u51
   155  007FCC  EFEA  F03F         	goto	u50
   156  007FD0                     u51:
   157  007FD0  EFEF  F03F         	goto	l783
   158  007FD4                     u50:
   159  007FD4                     
   160                           ;Programa_principal.c: 22:             EEPROM_Write(100,'H');
   161  007FD4  0E48               	movlw	72
   162  007FD6  6E01               	movwf	EEPROM_Write@dat^0,c
   163  007FD8  0E64               	movlw	100
   164  007FDA  ECC9  F03F         	call	_EEPROM_Write
   165  007FDE                     l783:
   166                           
   167                           ;Programa_principal.c: 25:         if(PORTBbits.RB1 == 0){
   168  007FDE  B281               	btfsc	129,1,c	;volatile
   169  007FE0  EFF4  F03F         	goto	u61
   170  007FE4  EFF6  F03F         	goto	u60
   171  007FE8                     u61:
   172  007FE8  EFFA  F03F         	goto	l787
   173  007FEC                     u60:
   174  007FEC                     
   175                           ;Programa_principal.c: 26:             dato = EEPROM_Read(100);
   176  007FEC  0E64               	movlw	100
   177  007FEE  ECC1  F03F         	call	_EEPROM_Read
   178  007FF2  6E03               	movwf	_dato^0,c
   179  007FF4                     l787:
   180                           
   181                           ;Programa_principal.c: 29:         LATD = dato;
   182  007FF4  C003  FF8C         	movff	_dato,3980	;volatile
   183  007FF8  EFE3  F03F         	goto	l779
   184  007FFC  EF00  F000         	goto	start
   185  008000                     __end_of_main:
   186                           	callstack 0
   187                           
   188 ;; *************** function _EEPROM_Write *****************
   189 ;; Defined at:
   190 ;;		line 6 in file "EEPROM_Libreria.c"
   191 ;; Parameters:    Size  Location     Type
   192 ;;  dir             1    wreg     unsigned char 
   193 ;;  dat             1    0[COMRAM] unsigned char 
   194 ;; Auto vars:     Size  Location     Type
   195 ;;  dir             1    1[COMRAM] unsigned char 
   196 ;; Return value:  Size  Location     Type
   197 ;;                  1    wreg      void 
   198 ;; Registers used:
   199 ;;		wreg, status,2
   200 ;; Tracked objects:
   201 ;;		On entry : 0/0
   202 ;;		On exit  : 0/0
   203 ;;		Unchanged: 0/0
   204 ;; Data sizes:     COMRAM   BANK0   BANK1   BANK2   BANK3   BANK4   BANK5   BANK6   BANK7
   205 ;;      Params:         1       0       0       0       0       0       0       0       0
   206 ;;      Locals:         1       0       0       0       0       0       0       0       0
   207 ;;      Temps:          0       0       0       0       0       0       0       0       0
   208 ;;      Totals:         2       0       0       0       0       0       0       0       0
   209 ;;Total ram usage:        2 bytes
   210 ;; Hardware stack levels used:    1
   211 ;; This function calls:
   212 ;;		Nothing
   213 ;; This function is called by:
   214 ;;		_main
   215 ;; This function uses a non-reentrant model
   216 ;;
   217                           
   218                           	psect	text1
   219  007F92                     __ptext1:
   220                           	callstack 0
   221  007F92                     _EEPROM_Write:
   222                           	callstack 30
   223                           
   224                           ;incstack = 0
   225                           ;EEPROM_Write@dir stored from wreg
   226  007F92  6E02               	movwf	EEPROM_Write@dir^0,c
   227  007F94                     
   228                           ;EEPROM_Libreria.c: 7:     EEADR = dir;
   229  007F94  C002  FFA9         	movff	EEPROM_Write@dir,4009	;volatile
   230  007F98                     
   231                           ;EEPROM_Libreria.c: 8:     EEDATA = dat;
   232  007F98  C001  FFA8         	movff	EEPROM_Write@dat,4008	;volatile
   233  007F9C                     
   234                           ;EEPROM_Libreria.c: 9:     EECON1bits.EEPGD = 0;
   235  007F9C  9EA6               	bcf	166,7,c	;volsfr
   236  007F9E                     
   237                           ;EEPROM_Libreria.c: 10:     EECON1bits.CFGS = 0;
   238  007F9E  9CA6               	bcf	166,6,c	;volsfr
   239  007FA0                     
   240                           ;EEPROM_Libreria.c: 11:     EECON1bits.WREN = 1;
   241  007FA0  84A6               	bsf	166,2,c	;volsfr
   242  007FA2                     
   243                           ;EEPROM_Libreria.c: 13:     EECON2 = 0x55;
   244  007FA2  0E55               	movlw	85
   245  007FA4  6EA7               	movwf	167,c	;volsfr
   246  007FA6                     
   247                           ;EEPROM_Libreria.c: 14:     EECON2 = 0xAA;
   248  007FA6  0EAA               	movlw	170
   249  007FA8  6EA7               	movwf	167,c	;volsfr
   250  007FAA                     
   251                           ;EEPROM_Libreria.c: 15:     EECON1bits.WR = 1;
   252  007FAA  82A6               	bsf	166,1,c	;volsfr
   253  007FAC                     l35:
   254  007FAC  B2A6               	btfsc	166,1,c	;volsfr
   255  007FAE  EFDB  F03F         	goto	u41
   256  007FB2  EFDD  F03F         	goto	u40
   257  007FB6                     u41:
   258  007FB6  EFD6  F03F         	goto	l35
   259  007FBA                     u40:
   260  007FBA                     
   261                           ;EEPROM_Libreria.c: 17:     EECON1bits.WREN = 0;
   262  007FBA  94A6               	bcf	166,2,c	;volsfr
   263  007FBC  0012               	return		;funcret
   264  007FBE                     __end_of_EEPROM_Write:
   265                           	callstack 0
   266                           
   267 ;; *************** function _EEPROM_Read *****************
   268 ;; Defined at:
   269 ;;		line 20 in file "EEPROM_Libreria.c"
   270 ;; Parameters:    Size  Location     Type
   271 ;;  dir             1    wreg     unsigned char 
   272 ;; Auto vars:     Size  Location     Type
   273 ;;  dir             1    0[COMRAM] unsigned char 
   274 ;; Return value:  Size  Location     Type
   275 ;;                  1    wreg      unsigned char 
   276 ;; Registers used:
   277 ;;		wreg, status,2
   278 ;; Tracked objects:
   279 ;;		On entry : 0/0
   280 ;;		On exit  : 0/0
   281 ;;		Unchanged: 0/0
   282 ;; Data sizes:     COMRAM   BANK0   BANK1   BANK2   BANK3   BANK4   BANK5   BANK6   BANK7
   283 ;;      Params:         0       0       0       0       0       0       0       0       0
   284 ;;      Locals:         1       0       0       0       0       0       0       0       0
   285 ;;      Temps:          0       0       0       0       0       0       0       0       0
   286 ;;      Totals:         1       0       0       0       0       0       0       0       0
   287 ;;Total ram usage:        1 bytes
   288 ;; Hardware stack levels used:    1
   289 ;; This function calls:
   290 ;;		Nothing
   291 ;; This function is called by:
   292 ;;		_main
   293 ;; This function uses a non-reentrant model
   294 ;;
   295                           
   296                           	psect	text2
   297  007F82                     __ptext2:
   298                           	callstack 0
   299  007F82                     _EEPROM_Read:
   300                           	callstack 30
   301                           
   302                           ;incstack = 0
   303                           ;EEPROM_Read@dir stored from wreg
   304  007F82  6E01               	movwf	EEPROM_Read@dir^0,c
   305  007F84                     
   306                           ;EEPROM_Libreria.c: 21:     EEADR = dir;
   307  007F84  C001  FFA9         	movff	EEPROM_Read@dir,4009	;volatile
   308  007F88                     
   309                           ;EEPROM_Libreria.c: 22:     EECON1bits.EEPGD = 0;
   310  007F88  9EA6               	bcf	166,7,c	;volsfr
   311  007F8A                     
   312                           ;EEPROM_Libreria.c: 23:     EECON1bits.CFGS = 0;
   313  007F8A  9CA6               	bcf	166,6,c	;volsfr
   314  007F8C                     
   315                           ;EEPROM_Libreria.c: 24:     EECON1bits.RD = 1;
   316  007F8C  80A6               	bsf	166,0,c	;volsfr
   317  007F8E                     
   318                           ;EEPROM_Libreria.c: 25:     return EEDATA;
   319  007F8E  50A8               	movf	168,w,c	;volatile
   320  007F90  0012               	return		;funcret
   321  007F92                     __end_of_EEPROM_Read:
   322                           	callstack 0
   323  0000                     
   324                           	psect	rparam
   325  0000                     
   326                           	psect	idloc
   327                           
   328                           ;Config register IDLOC0 @ 0x200000
   329                           ;	unspecified, using default values
   330  200000                     	org	2097152
   331  200000  FF                 	db	255
   332                           
   333                           ;Config register IDLOC1 @ 0x200001
   334                           ;	unspecified, using default values
   335  200001                     	org	2097153
   336  200001  FF                 	db	255
   337                           
   338                           ;Config register IDLOC2 @ 0x200002
   339                           ;	unspecified, using default values
   340  200002                     	org	2097154
   341  200002  FF                 	db	255
   342                           
   343                           ;Config register IDLOC3 @ 0x200003
   344                           ;	unspecified, using default values
   345  200003                     	org	2097155
   346  200003  FF                 	db	255
   347                           
   348                           ;Config register IDLOC4 @ 0x200004
   349                           ;	unspecified, using default values
   350  200004                     	org	2097156
   351  200004  FF                 	db	255
   352                           
   353                           ;Config register IDLOC5 @ 0x200005
   354                           ;	unspecified, using default values
   355  200005                     	org	2097157
   356  200005  FF                 	db	255
   357                           
   358                           ;Config register IDLOC6 @ 0x200006
   359                           ;	unspecified, using default values
   360  200006                     	org	2097158
   361  200006  FF                 	db	255
   362                           
   363                           ;Config register IDLOC7 @ 0x200007
   364                           ;	unspecified, using default values
   365  200007                     	org	2097159
   366  200007  FF                 	db	255
   367                           
   368                           	psect	config
   369                           
   370                           ;Config register CONFIG1L @ 0x300000
   371                           ;	PLL Prescaler Selection bits
   372                           ;	PLLDIV = 1, No prescale (4 MHz oscillator input drives PLL directly)
   373                           ;	System Clock Postscaler Selection bits
   374                           ;	CPUDIV = OSC1_PLL2, [Primary Oscillator Src: /1][96 MHz PLL Src: /2]
   375                           ;	USB Clock Selection bit (used in Full-Speed USB mode only; UCFG:FSEN = 1)
   376                           ;	USBDIV = 1, USB clock source comes directly from the primary oscillator block with no 
      +                          postscale
   377  300000                     	org	3145728
   378  300000  00                 	db	0
   379                           
   380                           ;Config register CONFIG1H @ 0x300001
   381                           ;	Oscillator Selection bits
   382                           ;	FOSC = HS, HS oscillator (HS)
   383                           ;	Fail-Safe Clock Monitor Enable bit
   384                           ;	FCMEN = OFF, Fail-Safe Clock Monitor disabled
   385                           ;	Internal/External Oscillator Switchover bit
   386                           ;	IESO = OFF, Oscillator Switchover mode disabled
   387  300001                     	org	3145729
   388  300001  0C                 	db	12
   389                           
   390                           ;Config register CONFIG2L @ 0x300002
   391                           ;	Power-up Timer Enable bit
   392                           ;	PWRT = ON, PWRT enabled
   393                           ;	Brown-out Reset Enable bits
   394                           ;	BOR = OFF, Brown-out Reset disabled in hardware and software
   395                           ;	Brown-out Reset Voltage bits
   396                           ;	BORV = 3, Minimum setting 2.05V
   397                           ;	USB Voltage Regulator Enable bit
   398                           ;	VREGEN = OFF, USB voltage regulator disabled
   399  300002                     	org	3145730
   400  300002  18                 	db	24
   401                           
   402                           ;Config register CONFIG2H @ 0x300003
   403                           ;	Watchdog Timer Enable bit
   404                           ;	WDT = OFF, WDT disabled (control is placed on the SWDTEN bit)
   405                           ;	Watchdog Timer Postscale Select bits
   406                           ;	WDTPS = 32768, 1:32768
   407  300003                     	org	3145731
   408  300003  1E                 	db	30
   409                           
   410                           ; Padding undefined space
   411  300004                     	org	3145732
   412  300004  FF                 	db	255
   413                           
   414                           ;Config register CONFIG3H @ 0x300005
   415                           ;	CCP2 MUX bit
   416                           ;	CCP2MX = ON, CCP2 input/output is multiplexed with RC1
   417                           ;	PORTB A/D Enable bit
   418                           ;	PBADEN = OFF, PORTB<4:0> pins are configured as digital I/O on Reset
   419                           ;	Low-Power Timer 1 Oscillator Enable bit
   420                           ;	LPT1OSC = OFF, Timer1 configured for higher power operation
   421                           ;	MCLR Pin Enable bit
   422                           ;	MCLRE = ON, MCLR pin enabled; RE3 input pin disabled
   423  300005                     	org	3145733
   424  300005  81                 	db	129
   425                           
   426                           ;Config register CONFIG4L @ 0x300006
   427                           ;	Stack Full/Underflow Reset Enable bit
   428                           ;	STVREN = OFF, Stack full/underflow will not cause Reset
   429                           ;	Single-Supply ICSP Enable bit
   430                           ;	LVP = OFF, Single-Supply ICSP disabled
   431                           ;	Dedicated In-Circuit Debug/Programming Port (ICPORT) Enable bit
   432                           ;	ICPRT = OFF, ICPORT disabled
   433                           ;	Extended Instruction Set Enable bit
   434                           ;	XINST = OFF, Instruction set extension and Indexed Addressing mode disabled (Legacy mo
      +                          de)
   435                           ;	Background Debugger Enable bit
   436                           ;	DEBUG = 0x1, unprogrammed default
   437  300006                     	org	3145734
   438  300006  80                 	db	128
   439                           
   440                           ; Padding undefined space
   441  300007                     	org	3145735
   442  300007  FF                 	db	255
   443                           
   444                           ;Config register CONFIG5L @ 0x300008
   445                           ;	Code Protection bit
   446                           ;	CP0 = OFF, Block 0 (000800-001FFFh) is not code-protected
   447                           ;	Code Protection bit
   448                           ;	CP1 = OFF, Block 1 (002000-003FFFh) is not code-protected
   449                           ;	Code Protection bit
   450                           ;	CP2 = OFF, Block 2 (004000-005FFFh) is not code-protected
   451                           ;	Code Protection bit
   452                           ;	CP3 = OFF, Block 3 (006000-007FFFh) is not code-protected
   453  300008                     	org	3145736
   454  300008  0F                 	db	15
   455                           
   456                           ;Config register CONFIG5H @ 0x300009
   457                           ;	Boot Block Code Protection bit
   458                           ;	CPB = OFF, Boot block (000000-0007FFh) is not code-protected
   459                           ;	Data EEPROM Code Protection bit
   460                           ;	CPD = OFF, Data EEPROM is not code-protected
   461  300009                     	org	3145737
   462  300009  C0                 	db	192
   463                           
   464                           ;Config register CONFIG6L @ 0x30000A
   465                           ;	Write Protection bit
   466                           ;	WRT0 = OFF, Block 0 (000800-001FFFh) is not write-protected
   467                           ;	Write Protection bit
   468                           ;	WRT1 = OFF, Block 1 (002000-003FFFh) is not write-protected
   469                           ;	Write Protection bit
   470                           ;	WRT2 = OFF, Block 2 (004000-005FFFh) is not write-protected
   471                           ;	Write Protection bit
   472                           ;	WRT3 = OFF, Block 3 (006000-007FFFh) is not write-protected
   473  30000A                     	org	3145738
   474  30000A  0F                 	db	15
   475                           
   476                           ;Config register CONFIG6H @ 0x30000B
   477                           ;	Configuration Register Write Protection bit
   478                           ;	WRTC = OFF, Configuration registers (300000-3000FFh) are not write-protected
   479                           ;	Boot Block Write Protection bit
   480                           ;	WRTB = OFF, Boot block (000000-0007FFh) is not write-protected
   481                           ;	Data EEPROM Write Protection bit
   482                           ;	WRTD = OFF, Data EEPROM is not write-protected
   483  30000B                     	org	3145739
   484  30000B  E0                 	db	224
   485                           
   486                           ;Config register CONFIG7L @ 0x30000C
   487                           ;	Table Read Protection bit
   488                           ;	EBTR0 = OFF, Block 0 (000800-001FFFh) is not protected from table reads executed in ot
      +                          her blocks
   489                           ;	Table Read Protection bit
   490                           ;	EBTR1 = OFF, Block 1 (002000-003FFFh) is not protected from table reads executed in ot
      +                          her blocks
   491                           ;	Table Read Protection bit
   492                           ;	EBTR2 = OFF, Block 2 (004000-005FFFh) is not protected from table reads executed in ot
      +                          her blocks
   493                           ;	Table Read Protection bit
   494                           ;	EBTR3 = OFF, Block 3 (006000-007FFFh) is not protected from table reads executed in ot
      +                          her blocks
   495  30000C                     	org	3145740
   496  30000C  0F                 	db	15
   497                           
   498                           ;Config register CONFIG7H @ 0x30000D
   499                           ;	Boot Block Table Read Protection bit
   500                           ;	EBTRB = OFF, Boot block (000000-0007FFh) is not protected from table reads executed in
      +                           other blocks
   501  30000D                     	org	3145741
   502  30000D  40                 	db	64
   503                           tosu	equ	0xFFF
   504                           tosh	equ	0xFFE
   505                           tosl	equ	0xFFD
   506                           stkptr	equ	0xFFC
   507                           pclatu	equ	0xFFB
   508                           pclath	equ	0xFFA
   509                           pcl	equ	0xFF9
   510                           tblptru	equ	0xFF8
   511                           tblptrh	equ	0xFF7
   512                           tblptrl	equ	0xFF6
   513                           tablat	equ	0xFF5
   514                           prodh	equ	0xFF4
   515                           prodl	equ	0xFF3
   516                           indf0	equ	0xFEF
   517                           postinc0	equ	0xFEE
   518                           postdec0	equ	0xFED
   519                           preinc0	equ	0xFEC
   520                           plusw0	equ	0xFEB
   521                           fsr0h	equ	0xFEA
   522                           fsr0l	equ	0xFE9
   523                           wreg	equ	0xFE8
   524                           indf1	equ	0xFE7
   525                           postinc1	equ	0xFE6
   526                           postdec1	equ	0xFE5
   527                           preinc1	equ	0xFE4
   528                           plusw1	equ	0xFE3
   529                           fsr1h	equ	0xFE2
   530                           fsr1l	equ	0xFE1
   531                           bsr	equ	0xFE0
   532                           indf2	equ	0xFDF
   533                           postinc2	equ	0xFDE
   534                           postdec2	equ	0xFDD
   535                           preinc2	equ	0xFDC
   536                           plusw2	equ	0xFDB
   537                           fsr2h	equ	0xFDA
   538                           fsr2l	equ	0xFD9
   539                           status	equ	0xFD8

Data Sizes:
    Strings     0
    Constant    0
    Data        0
    BSS         1
    Persistent  0
    Stack       0

Auto Spaces:
    Space          Size  Autos    Used
    COMRAM           95      2       3
    BANK0           160      0       0
    BANK1           256      0       0
    BANK2           256      0       0
    BANK3           256      0       0
    BANK4           256      0       0
    BANK5           256      0       0
    BANK6           256      0       0
    BANK7           256      0       0

Pointer List with Targets:

    None.

Critical Paths under _main in COMRAM

    _main->_EEPROM_Write

Critical Paths under _main in BANK0

    None.

Critical Paths under _main in BANK1

    None.

Critical Paths under _main in BANK2

    None.

Critical Paths under _main in BANK3

    None.

Critical Paths under _main in BANK4

    None.

Critical Paths under _main in BANK5

    None.

Critical Paths under _main in BANK6

    None.

Critical Paths under _main in BANK7

    None.

Call Graph Tables:

 ---------------------------------------------------------------------------------
 (Depth) Function   	        Calls       Base Space   Used Autos Params    Refs
 ---------------------------------------------------------------------------------
 (0) _main                                                 0     0      0     135
                        _EEPROM_Read
                       _EEPROM_Write
 ---------------------------------------------------------------------------------
 (1) _EEPROM_Write                                         2     1      1     120
                                              0 COMRAM     2     1      1
 ---------------------------------------------------------------------------------
 (1) _EEPROM_Read                                          1     1      0      15
                                              0 COMRAM     1     1      0
 ---------------------------------------------------------------------------------
 Estimated maximum stack depth 1
 ---------------------------------------------------------------------------------

 Call Graph Graphs:

 _main (ROOT)
   _EEPROM_Read
   _EEPROM_Write

 Address spaces:
Name               Size   Autos  Total    Cost      Usage
BIGRAM             7FF      0       0      21        0.0%
EEDATA             100      0       0       0        0.0%
BITBANK7           100      0       0      18        0.0%
BANK7              100      0       0      19        0.0%
BITBANK6           100      0       0      16        0.0%
BANK6              100      0       0      17        0.0%
BITBANK5           100      0       0      14        0.0%
BANK5              100      0       0      15        0.0%
BITBANK4           100      0       0      12        0.0%
BANK4              100      0       0      13        0.0%
BITBANK3           100      0       0      10        0.0%
BANK3              100      0       0      11        0.0%
BITBANK2           100      0       0       8        0.0%
BANK2              100      0       0       9        0.0%
BITBANK1           100      0       0       6        0.0%
BANK1              100      0       0       7        0.0%
BITBANK0            A0      0       0       4        0.0%
BANK0               A0      0       0       5        0.0%
BITCOMRAM           5F      0       0       0        0.0%
COMRAM              5F      2       3       1        3.2%
BITSFR               0      0       0     200        0.0%
SFR                  0      0       0     200        0.0%
STACK                0      0       0       2        0.0%
NULL                 0      0       0       0        0.0%
ABS                  0      0       3      20        0.0%
DATA                 0      0       3       3        0.0%
CODE                 0      0       0       0        0.0%


Microchip Technology PIC18 Macro Assembler V2.20 build 20200408173844 
Symbol Table                                                                                   Sun Dec 20 17:46:33 2020

                     l41 7F90                       l35 7FAC                       l37 7FBA  
                     l38 7FBC                       u40 7FBA                       u41 7FB6  
                     u50 7FD4                       u51 7FD0                       u60 7FEC  
                     u61 7FE8                      l741 7F8E                      l733 7F84  
                    l735 7F88                      l737 7F8A                      l761 7F98  
                    l739 7F8C                      l771 7FA6                      l763 7F9C  
                    l773 7FAA                      l765 7F9E                      l781 7FD4  
                    l767 7FA0                      l759 7F94                      l783 7FDE  
                    l775 7FBE                      l769 7FA2                      l785 7FEC  
                    l777 7FC2                      l787 7FF4                      l779 7FC6  
                   _LATD 000F8C                     _dato 0003                     _main 7FBE  
                   start 0000          EEPROM_Write@dat 0001          EEPROM_Write@dir 0002  
           ___param_bank 000000     __end_of_EEPROM_Write 7FBE                    ?_main 0001  
                  _EEADR 000FA9                    _TRISD 000F95     __size_of_EEPROM_Read 0010  
        __initialization 7F7A             __end_of_main 8000                   ??_main 0003  
          __activetblptr 000000                   _EEDATA 000FA8                   _EECON2 000FA7  
             __accesstop 0060  __end_of__initialization 7F7C            ___rparam_used 000001  
  __size_of_EEPROM_Write 002C           __pcstackCOMRAM 0001             _EEPROM_Write 7F92  
                __Hparam 0000                  __Lparam 0000                  __pcinit 7F7A  
                __ramtop 0800                  __ptext0 7FBE                  __ptext1 7F92  
                __ptext2 7F82     end_of_initialization 7F7C            ??_EEPROM_Read 0001  
              _PORTBbits 000F81                _TRISBbits 000F93      __end_of_EEPROM_Read 7F92  
    start_initialization 7F7A              __pbssCOMRAM 0003              _EEPROM_Read 7F82  
             _EECON1bits 000FA6                 __Hrparam 0000                 __Lrparam 0000  
          ?_EEPROM_Write 0001            __size_of_main 0042           ??_EEPROM_Write 0002  
           ?_EEPROM_Read 0001           EEPROM_Read@dir 0001  
